Analysis & Elaboration report for NP_Processor
Fri Oct 06 19:00:03 2023
Quartus Prime Version 20.1.1 Build 720 11/11/2020 SJ Lite Edition


---------------------
; Table of Contents ;
---------------------
  1. Legal Notice
  2. Analysis & Elaboration Summary
  3. Parallel Compilation
  4. Parameter Settings for User Entity Instance: Datapath:dut|InstructionMemory:Imem
  5. Parameter Settings for User Entity Instance: Datapath:dut|RegFiles:regF
  6. Parameter Settings for User Entity Instance: Datapath:dut|ControlUnit:CU
  7. Parameter Settings for User Entity Instance: Datapath:dut|ALUnitHW:alu
  8. Analysis & Elaboration Settings
  9. Port Connectivity Checks: "Datapath:dut"
 10. Analysis & Elaboration Messages



----------------
; Legal Notice ;
----------------
Copyright (C) 2020  Intel Corporation. All rights reserved.
Your use of Intel Corporation's design tools, logic functions 
and other software and tools, and any partner logic 
functions, and any output files from any of the foregoing 
(including device programming or simulation files), and any 
associated documentation or information are expressly subject 
to the terms and conditions of the Intel Program License 
Subscription Agreement, the Intel Quartus Prime License Agreement,
the Intel FPGA IP License Agreement, or other applicable license
agreement, including, without limitation, that your use is for
the sole purpose of programming logic devices manufactured by
Intel and sold by Intel or its authorized distributors.  Please
refer to the applicable agreement for further details, at
https://fpgasoftware.intel.com/eula.



+----------------------------------------------------------------------------------+
; Analysis & Elaboration Summary                                                   ;
+------------------------------------+---------------------------------------------+
; Analysis & Elaboration Status      ; Successful - Fri Oct 06 19:00:03 2023       ;
; Quartus Prime Version              ; 20.1.1 Build 720 11/11/2020 SJ Lite Edition ;
; Revision Name                      ; NP_Processor                                ;
; Top-level Entity Name              ; Datapath_tb                                 ;
; Family                             ; Cyclone IV E                                ;
; Total logic elements               ; N/A until Partition Merge                   ;
;     Total combinational functions  ; N/A until Partition Merge                   ;
;     Dedicated logic registers      ; N/A until Partition Merge                   ;
; Total registers                    ; N/A until Partition Merge                   ;
; Total pins                         ; N/A until Partition Merge                   ;
; Total virtual pins                 ; N/A until Partition Merge                   ;
; Total memory bits                  ; N/A until Partition Merge                   ;
; Embedded Multiplier 9-bit elements ; N/A until Partition Merge                   ;
; Total PLLs                         ; N/A until Partition Merge                   ;
+------------------------------------+---------------------------------------------+


+------------------------------------------+
; Parallel Compilation                     ;
+----------------------------+-------------+
; Processors                 ; Number      ;
+----------------------------+-------------+
; Number detected on machine ; 8           ;
; Maximum allowed            ; 4           ;
;                            ;             ;
; Average used               ; 1.00        ;
; Maximum used               ; 1           ;
;                            ;             ;
; Usage by Processor         ; % Time Used ;
;     Processor 1            ; 100.0%      ;
+----------------------------+-------------+


+----------------------------------------------------------------------------------+
; Parameter Settings for User Entity Instance: Datapath:dut|InstructionMemory:Imem ;
+----------------+-------+---------------------------------------------------------+
; Parameter Name ; Value ; Type                                                    ;
+----------------+-------+---------------------------------------------------------+
; INS_ADDRESS    ; 32    ; Signed Integer                                          ;
; INS_W          ; 32    ; Signed Integer                                          ;
+----------------+-------+---------------------------------------------------------+
Note: In order to hide this table in the UI and the text report file, please set the "Show Parameter Settings in Synthesis Report" option in "Analysis and Synthesis Settings -> More Settings" to "Off".


+-------------------------------------------------------------------------+
; Parameter Settings for User Entity Instance: Datapath:dut|RegFiles:regF ;
+----------------+-------+------------------------------------------------+
; Parameter Name ; Value ; Type                                           ;
+----------------+-------+------------------------------------------------+
; DATA_WIDTH     ; 32    ; Signed Integer                                 ;
; ADDRESS_WIDTH  ; 5     ; Signed Integer                                 ;
; NUM_REGS       ; 32    ; Signed Integer                                 ;
+----------------+-------+------------------------------------------------+
Note: In order to hide this table in the UI and the text report file, please set the "Show Parameter Settings in Synthesis Report" option in "Analysis and Synthesis Settings -> More Settings" to "Off".


+--------------------------------------------------------------------------+
; Parameter Settings for User Entity Instance: Datapath:dut|ControlUnit:CU ;
+----------------+-------+-------------------------------------------------+
; Parameter Name ; Value ; Type                                            ;
+----------------+-------+-------------------------------------------------+
; OPCODE_LENGTH  ; 7     ; Signed Integer                                  ;
; FUNCT3_LENGTH  ; 3     ; Signed Integer                                  ;
; FUNCT7_LENGTH  ; 7     ; Signed Integer                                  ;
+----------------+-------+-------------------------------------------------+
Note: In order to hide this table in the UI and the text report file, please set the "Show Parameter Settings in Synthesis Report" option in "Analysis and Synthesis Settings -> More Settings" to "Off".


+------------------------------------------------------------------------+
; Parameter Settings for User Entity Instance: Datapath:dut|ALUnitHW:alu ;
+----------------+-------+-----------------------------------------------+
; Parameter Name ; Value ; Type                                          ;
+----------------+-------+-----------------------------------------------+
; DATA_WIDTH     ; 32    ; Signed Integer                                ;
; OPCODE_LENGTH  ; 7     ; Signed Integer                                ;
; FUNCT3_LENGTH  ; 3     ; Signed Integer                                ;
; FUNCT7_LENGTH  ; 7     ; Signed Integer                                ;
+----------------+-------+-----------------------------------------------+
Note: In order to hide this table in the UI and the text report file, please set the "Show Parameter Settings in Synthesis Report" option in "Analysis and Synthesis Settings -> More Settings" to "Off".


+------------------------------------------------------------------------------------------------------------+
; Analysis & Elaboration Settings                                                                            ;
+------------------------------------------------------------------+--------------------+--------------------+
; Option                                                           ; Setting            ; Default Value      ;
+------------------------------------------------------------------+--------------------+--------------------+
; Device                                                           ; EP4CE115F29C7      ;                    ;
; Top-level entity name                                            ; Datapath_tb        ; NP_Processor       ;
; Family name                                                      ; Cyclone IV E       ; Cyclone V          ;
; Use smart compilation                                            ; Off                ; Off                ;
; Enable parallel Assembler and Timing Analyzer during compilation ; On                 ; On                 ;
; Enable compact report table                                      ; Off                ; Off                ;
; Restructure Multiplexers                                         ; Auto               ; Auto               ;
; Create Debugging Nodes for IP Cores                              ; Off                ; Off                ;
; Preserve fewer node names                                        ; On                 ; On                 ;
; Intel FPGA IP Evaluation Mode                                    ; Enable             ; Enable             ;
; Verilog Version                                                  ; Verilog_2001       ; Verilog_2001       ;
; VHDL Version                                                     ; VHDL_1993          ; VHDL_1993          ;
; State Machine Processing                                         ; Auto               ; Auto               ;
; Safe State Machine                                               ; Off                ; Off                ;
; Extract Verilog State Machines                                   ; On                 ; On                 ;
; Extract VHDL State Machines                                      ; On                 ; On                 ;
; Ignore Verilog initial constructs                                ; Off                ; Off                ;
; Iteration limit for constant Verilog loops                       ; 5000               ; 5000               ;
; Iteration limit for non-constant Verilog loops                   ; 250                ; 250                ;
; Add Pass-Through Logic to Inferred RAMs                          ; On                 ; On                 ;
; Infer RAMs from Raw Logic                                        ; On                 ; On                 ;
; Parallel Synthesis                                               ; On                 ; On                 ;
; DSP Block Balancing                                              ; Auto               ; Auto               ;
; NOT Gate Push-Back                                               ; On                 ; On                 ;
; Power-Up Don't Care                                              ; On                 ; On                 ;
; Remove Redundant Logic Cells                                     ; Off                ; Off                ;
; Remove Duplicate Registers                                       ; On                 ; On                 ;
; Ignore CARRY Buffers                                             ; Off                ; Off                ;
; Ignore CASCADE Buffers                                           ; Off                ; Off                ;
; Ignore GLOBAL Buffers                                            ; Off                ; Off                ;
; Ignore ROW GLOBAL Buffers                                        ; Off                ; Off                ;
; Ignore LCELL Buffers                                             ; Off                ; Off                ;
; Ignore SOFT Buffers                                              ; On                 ; On                 ;
; Limit AHDL Integers to 32 Bits                                   ; Off                ; Off                ;
; Optimization Technique                                           ; Balanced           ; Balanced           ;
; Carry Chain Length                                               ; 70                 ; 70                 ;
; Auto Carry Chains                                                ; On                 ; On                 ;
; Auto Open-Drain Pins                                             ; On                 ; On                 ;
; Perform WYSIWYG Primitive Resynthesis                            ; Off                ; Off                ;
; Auto ROM Replacement                                             ; On                 ; On                 ;
; Auto RAM Replacement                                             ; On                 ; On                 ;
; Auto DSP Block Replacement                                       ; On                 ; On                 ;
; Auto Shift Register Replacement                                  ; Auto               ; Auto               ;
; Allow Shift Register Merging across Hierarchies                  ; Auto               ; Auto               ;
; Auto Clock Enable Replacement                                    ; On                 ; On                 ;
; Strict RAM Replacement                                           ; Off                ; Off                ;
; Allow Synchronous Control Signals                                ; On                 ; On                 ;
; Force Use of Synchronous Clear Signals                           ; Off                ; Off                ;
; Auto RAM Block Balancing                                         ; On                 ; On                 ;
; Auto RAM to Logic Cell Conversion                                ; Off                ; Off                ;
; Auto Resource Sharing                                            ; Off                ; Off                ;
; Allow Any RAM Size For Recognition                               ; Off                ; Off                ;
; Allow Any ROM Size For Recognition                               ; Off                ; Off                ;
; Allow Any Shift Register Size For Recognition                    ; Off                ; Off                ;
; Use LogicLock Constraints during Resource Balancing              ; On                 ; On                 ;
; Ignore translate_off and synthesis_off directives                ; Off                ; Off                ;
; Timing-Driven Synthesis                                          ; On                 ; On                 ;
; Report Parameter Settings                                        ; On                 ; On                 ;
; Report Source Assignments                                        ; On                 ; On                 ;
; Report Connectivity Checks                                       ; On                 ; On                 ;
; Ignore Maximum Fan-Out Assignments                               ; Off                ; Off                ;
; Synchronization Register Chain Length                            ; 2                  ; 2                  ;
; Power Optimization During Synthesis                              ; Normal compilation ; Normal compilation ;
; HDL message level                                                ; Level2             ; Level2             ;
; Suppress Register Optimization Related Messages                  ; Off                ; Off                ;
; Number of Removed Registers Reported in Synthesis Report         ; 5000               ; 5000               ;
; Number of Swept Nodes Reported in Synthesis Report               ; 5000               ; 5000               ;
; Number of Inverted Registers Reported in Synthesis Report        ; 100                ; 100                ;
; Clock MUX Protection                                             ; On                 ; On                 ;
; Auto Gated Clock Conversion                                      ; Off                ; Off                ;
; Block Design Naming                                              ; Auto               ; Auto               ;
; SDC constraint protection                                        ; Off                ; Off                ;
; Synthesis Effort                                                 ; Auto               ; Auto               ;
; Shift Register Replacement - Allow Asynchronous Clear Signal     ; On                 ; On                 ;
; Pre-Mapping Resynthesis Optimization                             ; Off                ; Off                ;
; Analysis & Synthesis Message Level                               ; Medium             ; Medium             ;
; Disable Register Merging Across Hierarchies                      ; Auto               ; Auto               ;
; Resource Aware Inference For Block RAM                           ; On                 ; On                 ;
+------------------------------------------------------------------+--------------------+--------------------+


+----------------------------------------------------------------------------------------------------------------------+
; Port Connectivity Checks: "Datapath:dut"                                                                             ;
+------------+--------+----------+-------------------------------------------------------------------------------------+
; Port       ; Type   ; Severity ; Details                                                                             ;
+------------+--------+----------+-------------------------------------------------------------------------------------+
; reset      ; Input  ; Info     ; Stuck at GND                                                                        ;
; regWrite   ; Input  ; Info     ; Stuck at VCC                                                                        ;
; alucontrol ; Input  ; Info     ; Stuck at VCC                                                                        ;
; pcNext     ; Input  ; Info     ; Stuck at GND                                                                        ;
; aluOut     ; Output ; Info     ; Connected to dangling logic. Logic that only feeds a dangling port will be removed. ;
; isZero     ; Output ; Info     ; Connected to dangling logic. Logic that only feeds a dangling port will be removed. ;
; isBLT      ; Output ; Info     ; Connected to dangling logic. Logic that only feeds a dangling port will be removed. ;
; isBGT      ; Output ; Info     ; Connected to dangling logic. Logic that only feeds a dangling port will be removed. ;
+------------+--------+----------+-------------------------------------------------------------------------------------+


+---------------------------------+
; Analysis & Elaboration Messages ;
+---------------------------------+
Info: *******************************************************************
Info: Running Quartus Prime Analysis & Elaboration
    Info: Version 20.1.1 Build 720 11/11/2020 SJ Lite Edition
    Info: Processing started: Fri Oct 06 18:59:53 2023
Info: Command: quartus_map --read_settings_files=on --write_settings_files=off NP_Processor -c NP_Processor --analysis_and_elaboration
Warning (18236): Number of processors has not been specified which may cause overloading on shared machines.  Set the global assignment NUM_PARALLEL_PROCESSORS in your QSF to an appropriate value for best performance.
Info (20030): Parallel compilation is enabled and will use 4 of the 4 processors detected
Info (12021): Found 1 design units, including 1 entities, in source file datamemory.sv
    Info (12023): Found entity 1: Datamemory File: C:/Users/DELL/Desktop/Processor/Datamemory.sv Line: 1
Info (12021): Found 1 design units, including 1 entities, in source file alunithw.sv
    Info (12023): Found entity 1: ALUnitHW File: C:/Users/DELL/Desktop/Processor/ALUnitHW.sv Line: 1
Info (12021): Found 1 design units, including 1 entities, in source file signextender16to32.sv
    Info (12023): Found entity 1: SignExtender16to32 File: C:/Users/DELL/Desktop/Processor/SignExtender16to32.sv Line: 1
Info (12021): Found 1 design units, including 1 entities, in source file mux2input.sv
    Info (12023): Found entity 1: Mux2input File: C:/Users/DELL/Desktop/Processor/Mux2input.sv Line: 1
Info (12021): Found 1 design units, including 1 entities, in source file regfiles.sv
    Info (12023): Found entity 1: RegFiles File: C:/Users/DELL/Desktop/Processor/RegFiles.sv Line: 1
Info (12021): Found 1 design units, including 1 entities, in source file instructionmemory.sv
    Info (12023): Found entity 1: InstructionMemory File: C:/Users/DELL/Desktop/Processor/InstructionMemory.sv Line: 1
Info (12021): Found 1 design units, including 1 entities, in source file pc.sv
    Info (12023): Found entity 1: pc File: C:/Users/DELL/Desktop/Processor/pc.sv Line: 1
Info (12021): Found 1 design units, including 1 entities, in source file datapath.sv
    Info (12023): Found entity 1: Datapath File: C:/Users/DELL/Desktop/Processor/Datapath.sv Line: 1
Info (12021): Found 1 design units, including 1 entities, in source file datapath_tb.sv
    Info (12023): Found entity 1: Datapath_tb File: C:/Users/DELL/Desktop/Processor/Datapath_tb.sv Line: 1
Info (12021): Found 1 design units, including 1 entities, in source file controlunit.sv
    Info (12023): Found entity 1: ControlUnit File: C:/Users/DELL/Desktop/Processor/ControlUnit.sv Line: 1
Warning (10236): Verilog HDL Implicit Net warning at Datapath.sv(33): created implicit net for "rst" File: C:/Users/DELL/Desktop/Processor/Datapath.sv Line: 33
Info (12127): Elaborating entity "Datapath_tb" for the top level hierarchy
Warning (10755): Verilog HDL warning at Datapath_tb.sv(22): assignments to clk create a combinational loop File: C:/Users/DELL/Desktop/Processor/Datapath_tb.sv Line: 22
Info (12128): Elaborating entity "Datapath" for hierarchy "Datapath:dut" File: C:/Users/DELL/Desktop/Processor/Datapath_tb.sv Line: 37
Info (12128): Elaborating entity "pc" for hierarchy "Datapath:dut|pc:pcreg" File: C:/Users/DELL/Desktop/Processor/Datapath.sv Line: 21
Info (12128): Elaborating entity "InstructionMemory" for hierarchy "Datapath:dut|InstructionMemory:Imem" File: C:/Users/DELL/Desktop/Processor/Datapath.sv Line: 27
Warning (10030): Net "Inst_memory[4..1]" at InstructionMemory.sv(6) has no driver or initial value, using a default initial value '0' File: C:/Users/DELL/Desktop/Processor/InstructionMemory.sv Line: 6
Info (12128): Elaborating entity "RegFiles" for hierarchy "Datapath:dut|RegFiles:regF" File: C:/Users/DELL/Desktop/Processor/Datapath.sv Line: 42
Warning (10855): Verilog HDL warning at RegFiles.sv(29): initial value for variable register_file should be constant File: C:/Users/DELL/Desktop/Processor/RegFiles.sv Line: 29
Info (12128): Elaborating entity "ControlUnit" for hierarchy "Datapath:dut|ControlUnit:CU" File: C:/Users/DELL/Desktop/Processor/Datapath.sv Line: 54
Warning (10270): Verilog HDL Case Statement warning at ControlUnit.sv(27): incomplete case statement has no default case item File: C:/Users/DELL/Desktop/Processor/ControlUnit.sv Line: 27
Warning (10270): Verilog HDL Case Statement warning at ControlUnit.sv(39): incomplete case statement has no default case item File: C:/Users/DELL/Desktop/Processor/ControlUnit.sv Line: 39
Warning (10270): Verilog HDL Case Statement warning at ControlUnit.sv(23): incomplete case statement has no default case item File: C:/Users/DELL/Desktop/Processor/ControlUnit.sv Line: 23
Info (12128): Elaborating entity "ALUnitHW" for hierarchy "Datapath:dut|ALUnitHW:alu" File: C:/Users/DELL/Desktop/Processor/Datapath.sv Line: 65
Info: Quartus Prime Analysis & Elaboration was successful. 0 errors, 8 warnings
    Info: Peak virtual memory: 4708 megabytes
    Info: Processing ended: Fri Oct 06 19:00:03 2023
    Info: Elapsed time: 00:00:10
    Info: Total CPU time (on all processors): 00:00:18


