Flow report for NP_Processor
Thu Nov 30 00:12:47 2023
Quartus Prime Version 20.1.1 Build 720 11/11/2020 SJ Lite Edition


---------------------
; Table of Contents ;
---------------------
  1. Legal Notice
  2. Flow Summary
  3. Flow Settings
  4. Flow Non-Default Global Settings
  5. Flow Elapsed Time
  6. Flow OS Summary
  7. Flow Log
  8. Flow Messages
  9. Flow Suppressed Messages



----------------
; Legal Notice ;
----------------
Copyright (C) 2020  Intel Corporation. All rights reserved.
Your use of Intel Corporation's design tools, logic functions 
and other software and tools, and any partner logic 
functions, and any output files from any of the foregoing 
(including device programming or simulation files), and any 
associated documentation or information are expressly subject 
to the terms and conditions of the Intel Program License 
Subscription Agreement, the Intel Quartus Prime License Agreement,
the Intel FPGA IP License Agreement, or other applicable license
agreement, including, without limitation, that your use is for
the sole purpose of programming logic devices manufactured by
Intel and sold by Intel or its authorized distributors.  Please
refer to the applicable agreement for further details, at
https://fpgasoftware.intel.com/eula.



+----------------------------------------------------------------------------------+
; Flow Summary                                                                     ;
+------------------------------------+---------------------------------------------+
; Flow Status                        ; Successful - Thu Nov 30 00:12:47 2023       ;
; Quartus Prime Version              ; 20.1.1 Build 720 11/11/2020 SJ Lite Edition ;
; Revision Name                      ; NP_Processor                                ;
; Top-level Entity Name              ; try                                         ;
; Family                             ; Cyclone IV E                                ;
; Device                             ; EP4CE115F29C7                               ;
; Timing Models                      ; Final                                       ;
; Total logic elements               ; 22,475 / 114,480 ( 20 % )                   ;
;     Total combinational functions  ; 14,142 / 114,480 ( 12 % )                   ;
;     Dedicated logic registers      ; 16,966 / 114,480 ( 15 % )                   ;
; Total registers                    ; 16966                                       ;
; Total pins                         ; 44 / 529 ( 8 % )                            ;
; Total virtual pins                 ; 0                                           ;
; Total memory bits                  ; 0 / 3,981,312 ( 0 % )                       ;
; Embedded Multiplier 9-bit elements ; 0 / 532 ( 0 % )                             ;
; Total PLLs                         ; 0 / 4 ( 0 % )                               ;
+------------------------------------+---------------------------------------------+


+-----------------------------------------+
; Flow Settings                           ;
+-------------------+---------------------+
; Option            ; Setting             ;
+-------------------+---------------------+
; Start date & time ; 11/30/2023 00:09:24 ;
; Main task         ; Compilation         ;
; Revision Name     ; NP_Processor        ;
+-------------------+---------------------+


+--------------------------------------------------------------------------------------------------------------------------------------------------+
; Flow Non-Default Global Settings                                                                                                                 ;
+-------------------------------------+----------------------------------------+---------------+---------------+-----------------------------------+
; Assignment Name                     ; Value                                  ; Default Value ; Entity Name   ; Section Id                        ;
+-------------------------------------+----------------------------------------+---------------+---------------+-----------------------------------+
; COMPILER_SIGNATURE_ID               ; 104234862855389.170128316407364        ; --            ; --            ; --                                ;
; EDA_GENERATE_FUNCTIONAL_NETLIST     ; Off                                    ; --            ; --            ; eda_board_design_timing           ;
; EDA_GENERATE_FUNCTIONAL_NETLIST     ; Off                                    ; --            ; --            ; eda_board_design_boundary_scan    ;
; EDA_GENERATE_FUNCTIONAL_NETLIST     ; Off                                    ; --            ; --            ; eda_board_design_signal_integrity ;
; EDA_GENERATE_FUNCTIONAL_NETLIST     ; Off                                    ; --            ; --            ; eda_board_design_symbol           ;
; EDA_OUTPUT_DATA_FORMAT              ; Systemverilog Hdl                      ; --            ; --            ; eda_simulation                    ;
; EDA_SIMULATION_TOOL                 ; ModelSim-Altera (SystemVerilog)        ; <None>        ; --            ; --                                ;
; EDA_TIME_SCALE                      ; 1 ps                                   ; --            ; --            ; eda_simulation                    ;
; MAX_CORE_JUNCTION_TEMP              ; 85                                     ; --            ; --            ; --                                ;
; MIN_CORE_JUNCTION_TEMP              ; 0                                      ; --            ; --            ; --                                ;
; PARTITION_COLOR                     ; -- (Not supported for targeted family) ; --            ; LC3_Processor ; Top                               ;
; PARTITION_COLOR                     ; -- (Not supported for targeted family) ; --            ; try           ; Top                               ;
; PARTITION_FITTER_PRESERVATION_LEVEL ; -- (Not supported for targeted family) ; --            ; LC3_Processor ; Top                               ;
; PARTITION_FITTER_PRESERVATION_LEVEL ; -- (Not supported for targeted family) ; --            ; try           ; Top                               ;
; PARTITION_NETLIST_TYPE              ; -- (Not supported for targeted family) ; --            ; LC3_Processor ; Top                               ;
; PARTITION_NETLIST_TYPE              ; -- (Not supported for targeted family) ; --            ; try           ; Top                               ;
; POWER_BOARD_THERMAL_MODEL           ; None (CONSERVATIVE)                    ; --            ; --            ; --                                ;
; POWER_PRESET_COOLING_SOLUTION       ; 23 MM HEAT SINK WITH 200 LFPM AIRFLOW  ; --            ; --            ; --                                ;
; PROJECT_OUTPUT_DIRECTORY            ; output_files                           ; --            ; --            ; --                                ;
; TOP_LEVEL_ENTITY                    ; try                                    ; NP_Processor  ; --            ; --                                ;
+-------------------------------------+----------------------------------------+---------------+---------------+-----------------------------------+


+--------------------------------------------------------------------------------------------------------------------------+
; Flow Elapsed Time                                                                                                        ;
+----------------------+--------------+-------------------------+---------------------+------------------------------------+
; Module Name          ; Elapsed Time ; Average Processors Used ; Peak Virtual Memory ; Total CPU Time (on all processors) ;
+----------------------+--------------+-------------------------+---------------------+------------------------------------+
; Analysis & Synthesis ; 00:01:19     ; 1.0                     ; 4919 MB             ; 00:01:29                           ;
; Fitter               ; 00:01:45     ; 1.0                     ; 5944 MB             ; 00:03:07                           ;
; Assembler            ; 00:00:03     ; 1.0                     ; 4752 MB             ; 00:00:04                           ;
; Timing Analyzer      ; 00:00:06     ; 1.4                     ; 5013 MB             ; 00:00:07                           ;
; EDA Netlist Writer   ; 00:00:03     ; 1.0                     ; 4727 MB             ; 00:00:03                           ;
; Total                ; 00:03:16     ; --                      ; --                  ; 00:04:50                           ;
+----------------------+--------------+-------------------------+---------------------+------------------------------------+


+------------------------------------------------------------------------------------+
; Flow OS Summary                                                                    ;
+----------------------+------------------+------------+------------+----------------+
; Module Name          ; Machine Hostname ; OS Name    ; OS Version ; Processor type ;
+----------------------+------------------+------------+------------+----------------+
; Analysis & Synthesis ; DESKTOP-UPJ43FN  ; Windows 10 ; 10.0       ; x86_64         ;
; Fitter               ; DESKTOP-UPJ43FN  ; Windows 10 ; 10.0       ; x86_64         ;
; Assembler            ; DESKTOP-UPJ43FN  ; Windows 10 ; 10.0       ; x86_64         ;
; Timing Analyzer      ; DESKTOP-UPJ43FN  ; Windows 10 ; 10.0       ; x86_64         ;
; EDA Netlist Writer   ; DESKTOP-UPJ43FN  ; Windows 10 ; 10.0       ; x86_64         ;
+----------------------+------------------+------------+------------+----------------+


------------
; Flow Log ;
------------
quartus_map --read_settings_files=on --write_settings_files=off NP_Processor -c NP_Processor
quartus_fit --read_settings_files=off --write_settings_files=off NP_Processor -c NP_Processor
quartus_asm --read_settings_files=off --write_settings_files=off NP_Processor -c NP_Processor
quartus_sta NP_Processor -c NP_Processor
quartus_eda --read_settings_files=off --write_settings_files=off NP_Processor -c NP_Processor



